pkg_config: checking for pkg-config for libffi... -------------------- not found

PATH=".;C:/Ruby40-x64/lib;C:\Ruby40-x64\bin;C:\Ruby40-x64\msys64\ucrt64\bin;C:\Ruby40-x64\msys64\usr\bin;c:\Users\Saâd\AppData\Roaming\Code\User\globalStorage\github.copilot-chat\debugCommand;c:\Users\Saâd\AppData\Roaming\Code\User\globalStorage\github.copilot-chat\copilotCli;C:\Ruby40-x64\bin;C:\Ruby34-x64\bin;C:\Program Files (x86)\NetCDF4Excel;C:\WINDOWS\system32;C:\WINDOWS;C:\WINDOWS\System32\Wbem;C:\WINDOWS\System32\WindowsPowerShell\v1.0\;C:\WINDOWS\System32\OpenSSH\;C:\Program Files\Tailscale\;C:\Program Files\NVIDIA Corporation\NVIDIA App\NvDLISR;C:\Program Files\nodejs\;C:\Users\Saâd\anaconda3;C:\Users\Saâd\anaconda3\Library\mingw-w64\bin;C:\Users\Saâd\anaconda3\Library\usr\bin;C:\Users\Saâd\anaconda3\Library\bin;C:\Users\Saâd\anaconda3\Scripts;C:\bin\;C:\Program Files (x86)\Common Files\Oracle\Java\javapath;C:\Program Files\Microsoft MPI\Bin\;C:\Windows\system32;C:\Windows;C:\Windows\System32\Wbem;C:\Windows\System32\WindowsPowerShell\v1.0\;C:\Windows\System32\OpenSSH\;C:\Program Files\Git\cmd;C:\Program Files\NVIDIA Corporation\NVIDIA NvDLISR;C:\Users\Saâd\.jdks\openjdk-16\bin;C:\Program Files\apache-maven-3.8.2-bin\apache-maven-3.8.2\bin;C:\Program Files\Azure Data Studio\bin;C:\Program Files (x86)\NVIDIA Corporation\PhysX\Common;C:\Program Files (x86)\Microsoft SQL Server\150\Tools\Binn\;C:\Program Files\Microsoft SQL Server\150\Tools\Binn\;C:\Program Files (x86)\Microsoft SQL Server\150\DTS\Binn\;C:\Program Files\Microsoft SQL Server\150\DTS\Binn\;C:\Program Files\Microsoft SQL Server\Client SDK\ODBC\170\Tools\Binn\;C:\WINDOWS\system32;C:\WINDOWS;C:\WINDOWS\System32\Wbem;C:\WINDOWS\System32\WindowsPowerShell\v1.0\;C:\WIN;C:\Program Files\NVIDIA GPU Computing Toolkit\CUDA\v11.8\bin;C:\Program Files\NVIDIA GPU Computing Toolkit\CUDA\v11.8\extras\CUPTI\lib64;C:\Program Files\NVIDIA GPU Computing Toolkit\CUDA\v11.8\include;C:\tools\cudnn-windows-x86_64-8.9.4.25_cuda11-archive\bin;C:\Program Files\JetBrains\IntelliJ IDEA 2023.3.3\bin;;C:\Program Files\JetBrains\WebStorm 2024.3\bin;;C:\Program Files\JetBrains\PyCharm 2024.3\bin;;C:\Program Files\PostgreSQL\17\bin;C:\Users\Saâd\AppData\Local\Microsoft\WindowsApps;C:\Users\Saâd\AppData\Local\Programs\Windsurf\bin;C:\Users\Saâd\AppData\Local\Programs\Microsoft VS Code\bin;C:\Users\Saâd\AppData\Roaming\npm" LSAN_OPTIONS=detect_leaks=0 x86_64-w64-mingw32-pkg-config --exists libffi
package configuration for libffi is not found
--------------------

have_header: checking for ffi.h... -------------------- no

PATH=".;C:/Ruby40-x64/lib;C:\Ruby40-x64\bin;C:\Ruby40-x64\msys64\ucrt64\bin;C:\Ruby40-x64\msys64\usr\bin;c:\Users\Saâd\AppData\Roaming\Code\User\globalStorage\github.copilot-chat\debugCommand;c:\Users\Saâd\AppData\Roaming\Code\User\globalStorage\github.copilot-chat\copilotCli;C:\Ruby40-x64\bin;C:\Ruby34-x64\bin;C:\Program Files (x86)\NetCDF4Excel;C:\WINDOWS\system32;C:\WINDOWS;C:\WINDOWS\System32\Wbem;C:\WINDOWS\System32\WindowsPowerShell\v1.0\;C:\WINDOWS\System32\OpenSSH\;C:\Program Files\Tailscale\;C:\Program Files\NVIDIA Corporation\NVIDIA App\NvDLISR;C:\Program Files\nodejs\;C:\Users\Saâd\anaconda3;C:\Users\Saâd\anaconda3\Library\mingw-w64\bin;C:\Users\Saâd\anaconda3\Library\usr\bin;C:\Users\Saâd\anaconda3\Library\bin;C:\Users\Saâd\anaconda3\Scripts;C:\bin\;C:\Program Files (x86)\Common Files\Oracle\Java\javapath;C:\Program Files\Microsoft MPI\Bin\;C:\Windows\system32;C:\Windows;C:\Windows\System32\Wbem;C:\Windows\System32\WindowsPowerShell\v1.0\;C:\Windows\System32\OpenSSH\;C:\Program Files\Git\cmd;C:\Program Files\NVIDIA Corporation\NVIDIA NvDLISR;C:\Users\Saâd\.jdks\openjdk-16\bin;C:\Program Files\apache-maven-3.8.2-bin\apache-maven-3.8.2\bin;C:\Program Files\Azure Data Studio\bin;C:\Program Files (x86)\NVIDIA Corporation\PhysX\Common;C:\Program Files (x86)\Microsoft SQL Server\150\Tools\Binn\;C:\Program Files\Microsoft SQL Server\150\Tools\Binn\;C:\Program Files (x86)\Microsoft SQL Server\150\DTS\Binn\;C:\Program Files\Microsoft SQL Server\150\DTS\Binn\;C:\Program Files\Microsoft SQL Server\Client SDK\ODBC\170\Tools\Binn\;C:\WINDOWS\system32;C:\WINDOWS;C:\WINDOWS\System32\Wbem;C:\WINDOWS\System32\WindowsPowerShell\v1.0\;C:\WIN;C:\Program Files\NVIDIA GPU Computing Toolkit\CUDA\v11.8\bin;C:\Program Files\NVIDIA GPU Computing Toolkit\CUDA\v11.8\extras\CUPTI\lib64;C:\Program Files\NVIDIA GPU Computing Toolkit\CUDA\v11.8\include;C:\tools\cudnn-windows-x86_64-8.9.4.25_cuda11-archive\bin;C:\Program Files\JetBrains\IntelliJ IDEA 2023.3.3\bin;;C:\Program Files\JetBrains\WebStorm 2024.3\bin;;C:\Program Files\JetBrains\PyCharm 2024.3\bin;;C:\Program Files\PostgreSQL\17\bin;C:\Users\Saâd\AppData\Local\Microsoft\WindowsApps;C:\Users\Saâd\AppData\Local\Programs\Windsurf\bin;C:\Users\Saâd\AppData\Local\Programs\Microsoft VS Code\bin;C:\Users\Saâd\AppData\Roaming\npm" LSAN_OPTIONS=detect_leaks=0 "gcc -o conftest.exe -IC:/Ruby40-x64/include/ruby-4.0.0/x64-mingw-ucrt -IC:/Ruby40-x64/include/ruby-4.0.0/ruby/backward -IC:/Ruby40-x64/include/ruby-4.0.0 -I. -D_WIN32_WINNT=0x0600 -D__MINGW_USE_VC2005_COMPAT -D_FILE_OFFSET_BITS=64  -O3 -fstack-protector-strong conftest.c -L. -LC:/Ruby40-x64/lib -L. -pipe -s -fstack-protector-strong -lpthread -Wl,--no-as-needed     -lx64-ucrt-ruby400  -lshell32 -lws2_32 -liphlpapi -limagehlp -lshlwapi -lbcrypt  "
checked program was:
/* begin */
1: #include "ruby.h"
2: 
3: #include <winsock2.h>
4: #include <windows.h>
5: int main(int argc, char **argv)
6: {
7:   return !!argv[argc];
8: }
/* end */

PATH=".;C:/Ruby40-x64/lib;C:\Ruby40-x64\bin;C:\Ruby40-x64\msys64\ucrt64\bin;C:\Ruby40-x64\msys64\usr\bin;c:\Users\Saâd\AppData\Roaming\Code\User\globalStorage\github.copilot-chat\debugCommand;c:\Users\Saâd\AppData\Roaming\Code\User\globalStorage\github.copilot-chat\copilotCli;C:\Ruby40-x64\bin;C:\Ruby34-x64\bin;C:\Program Files (x86)\NetCDF4Excel;C:\WINDOWS\system32;C:\WINDOWS;C:\WINDOWS\System32\Wbem;C:\WINDOWS\System32\WindowsPowerShell\v1.0\;C:\WINDOWS\System32\OpenSSH\;C:\Program Files\Tailscale\;C:\Program Files\NVIDIA Corporation\NVIDIA App\NvDLISR;C:\Program Files\nodejs\;C:\Users\Saâd\anaconda3;C:\Users\Saâd\anaconda3\Library\mingw-w64\bin;C:\Users\Saâd\anaconda3\Library\usr\bin;C:\Users\Saâd\anaconda3\Library\bin;C:\Users\Saâd\anaconda3\Scripts;C:\bin\;C:\Program Files (x86)\Common Files\Oracle\Java\javapath;C:\Program Files\Microsoft MPI\Bin\;C:\Windows\system32;C:\Windows;C:\Windows\System32\Wbem;C:\Windows\System32\WindowsPowerShell\v1.0\;C:\Windows\System32\OpenSSH\;C:\Program Files\Git\cmd;C:\Program Files\NVIDIA Corporation\NVIDIA NvDLISR;C:\Users\Saâd\.jdks\openjdk-16\bin;C:\Program Files\apache-maven-3.8.2-bin\apache-maven-3.8.2\bin;C:\Program Files\Azure Data Studio\bin;C:\Program Files (x86)\NVIDIA Corporation\PhysX\Common;C:\Program Files (x86)\Microsoft SQL Server\150\Tools\Binn\;C:\Program Files\Microsoft SQL Server\150\Tools\Binn\;C:\Program Files (x86)\Microsoft SQL Server\150\DTS\Binn\;C:\Program Files\Microsoft SQL Server\150\DTS\Binn\;C:\Program Files\Microsoft SQL Server\Client SDK\ODBC\170\Tools\Binn\;C:\WINDOWS\system32;C:\WINDOWS;C:\WINDOWS\System32\Wbem;C:\WINDOWS\System32\WindowsPowerShell\v1.0\;C:\WIN;C:\Program Files\NVIDIA GPU Computing Toolkit\CUDA\v11.8\bin;C:\Program Files\NVIDIA GPU Computing Toolkit\CUDA\v11.8\extras\CUPTI\lib64;C:\Program Files\NVIDIA GPU Computing Toolkit\CUDA\v11.8\include;C:\tools\cudnn-windows-x86_64-8.9.4.25_cuda11-archive\bin;C:\Program Files\JetBrains\IntelliJ IDEA 2023.3.3\bin;;C:\Program Files\JetBrains\WebStorm 2024.3\bin;;C:\Program Files\JetBrains\PyCharm 2024.3\bin;;C:\Program Files\PostgreSQL\17\bin;C:\Users\Saâd\AppData\Local\Microsoft\WindowsApps;C:\Users\Saâd\AppData\Local\Programs\Windsurf\bin;C:\Users\Saâd\AppData\Local\Programs\Microsoft VS Code\bin;C:\Users\Saâd\AppData\Roaming\npm" LSAN_OPTIONS=detect_leaks=0 "gcc -IC:/Ruby40-x64/include/ruby-4.0.0/x64-mingw-ucrt -IC:/Ruby40-x64/include/ruby-4.0.0/ruby/backward -IC:/Ruby40-x64/include/ruby-4.0.0 -I. -D_WIN32_WINNT=0x0600 -D__MINGW_USE_VC2005_COMPAT -D_FILE_OFFSET_BITS=64  -O3 -fstack-protector-strong   -c conftest.c"
conftest.c:5:10: fatal error: ffi.h: No such file or directory
    5 | #include <ffi.h>
      |          ^~~~~~~
compilation terminated.
checked program was:
/* begin */
1: #include "ruby.h"
2: 
3: #include <winsock2.h>
4: #include <windows.h>
5: #include <ffi.h>
/* end */

--------------------

find_header: checking for ffi.h in /usr/local/include,/usr/include/ffi,/Library/Developer/CommandLineTools/SDKs/MacOSX.sdk/usr/include/ffi,/Applications/Xcode.app/Contents/Developer/Platforms/MacOSX.platform/Developer/SDKs/MacOSX.sdk/usr/include/ffi... -------------------- no

PATH=".;C:/Ruby40-x64/lib;C:\Ruby40-x64\bin;C:\Ruby40-x64\msys64\ucrt64\bin;C:\Ruby40-x64\msys64\usr\bin;c:\Users\Saâd\AppData\Roaming\Code\User\globalStorage\github.copilot-chat\debugCommand;c:\Users\Saâd\AppData\Roaming\Code\User\globalStorage\github.copilot-chat\copilotCli;C:\Ruby40-x64\bin;C:\Ruby34-x64\bin;C:\Program Files (x86)\NetCDF4Excel;C:\WINDOWS\system32;C:\WINDOWS;C:\WINDOWS\System32\Wbem;C:\WINDOWS\System32\WindowsPowerShell\v1.0\;C:\WINDOWS\System32\OpenSSH\;C:\Program Files\Tailscale\;C:\Program Files\NVIDIA Corporation\NVIDIA App\NvDLISR;C:\Program Files\nodejs\;C:\Users\Saâd\anaconda3;C:\Users\Saâd\anaconda3\Library\mingw-w64\bin;C:\Users\Saâd\anaconda3\Library\usr\bin;C:\Users\Saâd\anaconda3\Library\bin;C:\Users\Saâd\anaconda3\Scripts;C:\bin\;C:\Program Files (x86)\Common Files\Oracle\Java\javapath;C:\Program Files\Microsoft MPI\Bin\;C:\Windows\system32;C:\Windows;C:\Windows\System32\Wbem;C:\Windows\System32\WindowsPowerShell\v1.0\;C:\Windows\System32\OpenSSH\;C:\Program Files\Git\cmd;C:\Program Files\NVIDIA Corporation\NVIDIA NvDLISR;C:\Users\Saâd\.jdks\openjdk-16\bin;C:\Program Files\apache-maven-3.8.2-bin\apache-maven-3.8.2\bin;C:\Program Files\Azure Data Studio\bin;C:\Program Files (x86)\NVIDIA Corporation\PhysX\Common;C:\Program Files (x86)\Microsoft SQL Server\150\Tools\Binn\;C:\Program Files\Microsoft SQL Server\150\Tools\Binn\;C:\Program Files (x86)\Microsoft SQL Server\150\DTS\Binn\;C:\Program Files\Microsoft SQL Server\150\DTS\Binn\;C:\Program Files\Microsoft SQL Server\Client SDK\ODBC\170\Tools\Binn\;C:\WINDOWS\system32;C:\WINDOWS;C:\WINDOWS\System32\Wbem;C:\WINDOWS\System32\WindowsPowerShell\v1.0\;C:\WIN;C:\Program Files\NVIDIA GPU Computing Toolkit\CUDA\v11.8\bin;C:\Program Files\NVIDIA GPU Computing Toolkit\CUDA\v11.8\extras\CUPTI\lib64;C:\Program Files\NVIDIA GPU Computing Toolkit\CUDA\v11.8\include;C:\tools\cudnn-windows-x86_64-8.9.4.25_cuda11-archive\bin;C:\Program Files\JetBrains\IntelliJ IDEA 2023.3.3\bin;;C:\Program Files\JetBrains\WebStorm 2024.3\bin;;C:\Program Files\JetBrains\PyCharm 2024.3\bin;;C:\Program Files\PostgreSQL\17\bin;C:\Users\Saâd\AppData\Local\Microsoft\WindowsApps;C:\Users\Saâd\AppData\Local\Programs\Windsurf\bin;C:\Users\Saâd\AppData\Local\Programs\Microsoft VS Code\bin;C:\Users\Saâd\AppData\Roaming\npm" LSAN_OPTIONS=detect_leaks=0 "gcc -IC:/Ruby40-x64/include/ruby-4.0.0/x64-mingw-ucrt -IC:/Ruby40-x64/include/ruby-4.0.0/ruby/backward -IC:/Ruby40-x64/include/ruby-4.0.0 -I. -D_WIN32_WINNT=0x0600 -D__MINGW_USE_VC2005_COMPAT -D_FILE_OFFSET_BITS=64  -O3 -fstack-protector-strong   -c conftest.c"
conftest.c:5:10: fatal error: ffi.h: No such file or directory
    5 | #include <ffi.h>
      |          ^~~~~~~
compilation terminated.
checked program was:
/* begin */
1: #include "ruby.h"
2: 
3: #include <winsock2.h>
4: #include <windows.h>
5: #include <ffi.h>
/* end */

PATH=".;C:/Ruby40-x64/lib;C:\Ruby40-x64\bin;C:\Ruby40-x64\msys64\ucrt64\bin;C:\Ruby40-x64\msys64\usr\bin;c:\Users\Saâd\AppData\Roaming\Code\User\globalStorage\github.copilot-chat\debugCommand;c:\Users\Saâd\AppData\Roaming\Code\User\globalStorage\github.copilot-chat\copilotCli;C:\Ruby40-x64\bin;C:\Ruby34-x64\bin;C:\Program Files (x86)\NetCDF4Excel;C:\WINDOWS\system32;C:\WINDOWS;C:\WINDOWS\System32\Wbem;C:\WINDOWS\System32\WindowsPowerShell\v1.0\;C:\WINDOWS\System32\OpenSSH\;C:\Program Files\Tailscale\;C:\Program Files\NVIDIA Corporation\NVIDIA App\NvDLISR;C:\Program Files\nodejs\;C:\Users\Saâd\anaconda3;C:\Users\Saâd\anaconda3\Library\mingw-w64\bin;C:\Users\Saâd\anaconda3\Library\usr\bin;C:\Users\Saâd\anaconda3\Library\bin;C:\Users\Saâd\anaconda3\Scripts;C:\bin\;C:\Program Files (x86)\Common Files\Oracle\Java\javapath;C:\Program Files\Microsoft MPI\Bin\;C:\Windows\system32;C:\Windows;C:\Windows\System32\Wbem;C:\Windows\System32\WindowsPowerShell\v1.0\;C:\Windows\System32\OpenSSH\;C:\Program Files\Git\cmd;C:\Program Files\NVIDIA Corporation\NVIDIA NvDLISR;C:\Users\Saâd\.jdks\openjdk-16\bin;C:\Program Files\apache-maven-3.8.2-bin\apache-maven-3.8.2\bin;C:\Program Files\Azure Data Studio\bin;C:\Program Files (x86)\NVIDIA Corporation\PhysX\Common;C:\Program Files (x86)\Microsoft SQL Server\150\Tools\Binn\;C:\Program Files\Microsoft SQL Server\150\Tools\Binn\;C:\Program Files (x86)\Microsoft SQL Server\150\DTS\Binn\;C:\Program Files\Microsoft SQL Server\150\DTS\Binn\;C:\Program Files\Microsoft SQL Server\Client SDK\ODBC\170\Tools\Binn\;C:\WINDOWS\system32;C:\WINDOWS;C:\WINDOWS\System32\Wbem;C:\WINDOWS\System32\WindowsPowerShell\v1.0\;C:\WIN;C:\Program Files\NVIDIA GPU Computing Toolkit\CUDA\v11.8\bin;C:\Program Files\NVIDIA GPU Computing Toolkit\CUDA\v11.8\extras\CUPTI\lib64;C:\Program Files\NVIDIA GPU Computing Toolkit\CUDA\v11.8\include;C:\tools\cudnn-windows-x86_64-8.9.4.25_cuda11-archive\bin;C:\Program Files\JetBrains\IntelliJ IDEA 2023.3.3\bin;;C:\Program Files\JetBrains\WebStorm 2024.3\bin;;C:\Program Files\JetBrains\PyCharm 2024.3\bin;;C:\Program Files\PostgreSQL\17\bin;C:\Users\Saâd\AppData\Local\Microsoft\WindowsApps;C:\Users\Saâd\AppData\Local\Programs\Windsurf\bin;C:\Users\Saâd\AppData\Local\Programs\Microsoft VS Code\bin;C:\Users\Saâd\AppData\Roaming\npm" LSAN_OPTIONS=detect_leaks=0 "gcc -IC:/Ruby40-x64/include/ruby-4.0.0/x64-mingw-ucrt -IC:/Ruby40-x64/include/ruby-4.0.0/ruby/backward -IC:/Ruby40-x64/include/ruby-4.0.0 -I. -D_WIN32_WINNT=0x0600 -D__MINGW_USE_VC2005_COMPAT -D_FILE_OFFSET_BITS=64  -O3 -fstack-protector-strong  -I/usr/local/include -c conftest.c"
conftest.c:5:10: fatal error: ffi.h: No such file or directory
    5 | #include <ffi.h>
      |          ^~~~~~~
compilation terminated.
checked program was:
/* begin */
1: #include "ruby.h"
2: 
3: #include <winsock2.h>
4: #include <windows.h>
5: #include <ffi.h>
/* end */

PATH=".;C:/Ruby40-x64/lib;C:\Ruby40-x64\bin;C:\Ruby40-x64\msys64\ucrt64\bin;C:\Ruby40-x64\msys64\usr\bin;c:\Users\Saâd\AppData\Roaming\Code\User\globalStorage\github.copilot-chat\debugCommand;c:\Users\Saâd\AppData\Roaming\Code\User\globalStorage\github.copilot-chat\copilotCli;C:\Ruby40-x64\bin;C:\Ruby34-x64\bin;C:\Program Files (x86)\NetCDF4Excel;C:\WINDOWS\system32;C:\WINDOWS;C:\WINDOWS\System32\Wbem;C:\WINDOWS\System32\WindowsPowerShell\v1.0\;C:\WINDOWS\System32\OpenSSH\;C:\Program Files\Tailscale\;C:\Program Files\NVIDIA Corporation\NVIDIA App\NvDLISR;C:\Program Files\nodejs\;C:\Users\Saâd\anaconda3;C:\Users\Saâd\anaconda3\Library\mingw-w64\bin;C:\Users\Saâd\anaconda3\Library\usr\bin;C:\Users\Saâd\anaconda3\Library\bin;C:\Users\Saâd\anaconda3\Scripts;C:\bin\;C:\Program Files (x86)\Common Files\Oracle\Java\javapath;C:\Program Files\Microsoft MPI\Bin\;C:\Windows\system32;C:\Windows;C:\Windows\System32\Wbem;C:\Windows\System32\WindowsPowerShell\v1.0\;C:\Windows\System32\OpenSSH\;C:\Program Files\Git\cmd;C:\Program Files\NVIDIA Corporation\NVIDIA NvDLISR;C:\Users\Saâd\.jdks\openjdk-16\bin;C:\Program Files\apache-maven-3.8.2-bin\apache-maven-3.8.2\bin;C:\Program Files\Azure Data Studio\bin;C:\Program Files (x86)\NVIDIA Corporation\PhysX\Common;C:\Program Files (x86)\Microsoft SQL Server\150\Tools\Binn\;C:\Program Files\Microsoft SQL Server\150\Tools\Binn\;C:\Program Files (x86)\Microsoft SQL Server\150\DTS\Binn\;C:\Program Files\Microsoft SQL Server\150\DTS\Binn\;C:\Program Files\Microsoft SQL Server\Client SDK\ODBC\170\Tools\Binn\;C:\WINDOWS\system32;C:\WINDOWS;C:\WINDOWS\System32\Wbem;C:\WINDOWS\System32\WindowsPowerShell\v1.0\;C:\WIN;C:\Program Files\NVIDIA GPU Computing Toolkit\CUDA\v11.8\bin;C:\Program Files\NVIDIA GPU Computing Toolkit\CUDA\v11.8\extras\CUPTI\lib64;C:\Program Files\NVIDIA GPU Computing Toolkit\CUDA\v11.8\include;C:\tools\cudnn-windows-x86_64-8.9.4.25_cuda11-archive\bin;C:\Program Files\JetBrains\IntelliJ IDEA 2023.3.3\bin;;C:\Program Files\JetBrains\WebStorm 2024.3\bin;;C:\Program Files\JetBrains\PyCharm 2024.3\bin;;C:\Program Files\PostgreSQL\17\bin;C:\Users\Saâd\AppData\Local\Microsoft\WindowsApps;C:\Users\Saâd\AppData\Local\Programs\Windsurf\bin;C:\Users\Saâd\AppData\Local\Programs\Microsoft VS Code\bin;C:\Users\Saâd\AppData\Roaming\npm" LSAN_OPTIONS=detect_leaks=0 "gcc -IC:/Ruby40-x64/include/ruby-4.0.0/x64-mingw-ucrt -IC:/Ruby40-x64/include/ruby-4.0.0/ruby/backward -IC:/Ruby40-x64/include/ruby-4.0.0 -I. -D_WIN32_WINNT=0x0600 -D__MINGW_USE_VC2005_COMPAT -D_FILE_OFFSET_BITS=64  -O3 -fstack-protector-strong  -I/usr/include/ffi -c conftest.c"
conftest.c:5:10: fatal error: ffi.h: No such file or directory
    5 | #include <ffi.h>
      |          ^~~~~~~
compilation terminated.
checked program was:
/* begin */
1: #include "ruby.h"
2: 
3: #include <winsock2.h>
4: #include <windows.h>
5: #include <ffi.h>
/* end */

PATH=".;C:/Ruby40-x64/lib;C:\Ruby40-x64\bin;C:\Ruby40-x64\msys64\ucrt64\bin;C:\Ruby40-x64\msys64\usr\bin;c:\Users\Saâd\AppData\Roaming\Code\User\globalStorage\github.copilot-chat\debugCommand;c:\Users\Saâd\AppData\Roaming\Code\User\globalStorage\github.copilot-chat\copilotCli;C:\Ruby40-x64\bin;C:\Ruby34-x64\bin;C:\Program Files (x86)\NetCDF4Excel;C:\WINDOWS\system32;C:\WINDOWS;C:\WINDOWS\System32\Wbem;C:\WINDOWS\System32\WindowsPowerShell\v1.0\;C:\WINDOWS\System32\OpenSSH\;C:\Program Files\Tailscale\;C:\Program Files\NVIDIA Corporation\NVIDIA App\NvDLISR;C:\Program Files\nodejs\;C:\Users\Saâd\anaconda3;C:\Users\Saâd\anaconda3\Library\mingw-w64\bin;C:\Users\Saâd\anaconda3\Library\usr\bin;C:\Users\Saâd\anaconda3\Library\bin;C:\Users\Saâd\anaconda3\Scripts;C:\bin\;C:\Program Files (x86)\Common Files\Oracle\Java\javapath;C:\Program Files\Microsoft MPI\Bin\;C:\Windows\system32;C:\Windows;C:\Windows\System32\Wbem;C:\Windows\System32\WindowsPowerShell\v1.0\;C:\Windows\System32\OpenSSH\;C:\Program Files\Git\cmd;C:\Program Files\NVIDIA Corporation\NVIDIA NvDLISR;C:\Users\Saâd\.jdks\openjdk-16\bin;C:\Program Files\apache-maven-3.8.2-bin\apache-maven-3.8.2\bin;C:\Program Files\Azure Data Studio\bin;C:\Program Files (x86)\NVIDIA Corporation\PhysX\Common;C:\Program Files (x86)\Microsoft SQL Server\150\Tools\Binn\;C:\Program Files\Microsoft SQL Server\150\Tools\Binn\;C:\Program Files (x86)\Microsoft SQL Server\150\DTS\Binn\;C:\Program Files\Microsoft SQL Server\150\DTS\Binn\;C:\Program Files\Microsoft SQL Server\Client SDK\ODBC\170\Tools\Binn\;C:\WINDOWS\system32;C:\WINDOWS;C:\WINDOWS\System32\Wbem;C:\WINDOWS\System32\WindowsPowerShell\v1.0\;C:\WIN;C:\Program Files\NVIDIA GPU Computing Toolkit\CUDA\v11.8\bin;C:\Program Files\NVIDIA GPU Computing Toolkit\CUDA\v11.8\extras\CUPTI\lib64;C:\Program Files\NVIDIA GPU Computing Toolkit\CUDA\v11.8\include;C:\tools\cudnn-windows-x86_64-8.9.4.25_cuda11-archive\bin;C:\Program Files\JetBrains\IntelliJ IDEA 2023.3.3\bin;;C:\Program Files\JetBrains\WebStorm 2024.3\bin;;C:\Program Files\JetBrains\PyCharm 2024.3\bin;;C:\Program Files\PostgreSQL\17\bin;C:\Users\Saâd\AppData\Local\Microsoft\WindowsApps;C:\Users\Saâd\AppData\Local\Programs\Windsurf\bin;C:\Users\Saâd\AppData\Local\Programs\Microsoft VS Code\bin;C:\Users\Saâd\AppData\Roaming\npm" LSAN_OPTIONS=detect_leaks=0 "gcc -IC:/Ruby40-x64/include/ruby-4.0.0/x64-mingw-ucrt -IC:/Ruby40-x64/include/ruby-4.0.0/ruby/backward -IC:/Ruby40-x64/include/ruby-4.0.0 -I. -D_WIN32_WINNT=0x0600 -D__MINGW_USE_VC2005_COMPAT -D_FILE_OFFSET_BITS=64  -O3 -fstack-protector-strong  -I/Library/Developer/CommandLineTools/SDKs/MacOSX.sdk/usr/include/ffi -c conftest.c"
conftest.c:5:10: fatal error: ffi.h: No such file or directory
    5 | #include <ffi.h>
      |          ^~~~~~~
compilation terminated.
checked program was:
/* begin */
1: #include "ruby.h"
2: 
3: #include <winsock2.h>
4: #include <windows.h>
5: #include <ffi.h>
/* end */

PATH=".;C:/Ruby40-x64/lib;C:\Ruby40-x64\bin;C:\Ruby40-x64\msys64\ucrt64\bin;C:\Ruby40-x64\msys64\usr\bin;c:\Users\Saâd\AppData\Roaming\Code\User\globalStorage\github.copilot-chat\debugCommand;c:\Users\Saâd\AppData\Roaming\Code\User\globalStorage\github.copilot-chat\copilotCli;C:\Ruby40-x64\bin;C:\Ruby34-x64\bin;C:\Program Files (x86)\NetCDF4Excel;C:\WINDOWS\system32;C:\WINDOWS;C:\WINDOWS\System32\Wbem;C:\WINDOWS\System32\WindowsPowerShell\v1.0\;C:\WINDOWS\System32\OpenSSH\;C:\Program Files\Tailscale\;C:\Program Files\NVIDIA Corporation\NVIDIA App\NvDLISR;C:\Program Files\nodejs\;C:\Users\Saâd\anaconda3;C:\Users\Saâd\anaconda3\Library\mingw-w64\bin;C:\Users\Saâd\anaconda3\Library\usr\bin;C:\Users\Saâd\anaconda3\Library\bin;C:\Users\Saâd\anaconda3\Scripts;C:\bin\;C:\Program Files (x86)\Common Files\Oracle\Java\javapath;C:\Program Files\Microsoft MPI\Bin\;C:\Windows\system32;C:\Windows;C:\Windows\System32\Wbem;C:\Windows\System32\WindowsPowerShell\v1.0\;C:\Windows\System32\OpenSSH\;C:\Program Files\Git\cmd;C:\Program Files\NVIDIA Corporation\NVIDIA NvDLISR;C:\Users\Saâd\.jdks\openjdk-16\bin;C:\Program Files\apache-maven-3.8.2-bin\apache-maven-3.8.2\bin;C:\Program Files\Azure Data Studio\bin;C:\Program Files (x86)\NVIDIA Corporation\PhysX\Common;C:\Program Files (x86)\Microsoft SQL Server\150\Tools\Binn\;C:\Program Files\Microsoft SQL Server\150\Tools\Binn\;C:\Program Files (x86)\Microsoft SQL Server\150\DTS\Binn\;C:\Program Files\Microsoft SQL Server\150\DTS\Binn\;C:\Program Files\Microsoft SQL Server\Client SDK\ODBC\170\Tools\Binn\;C:\WINDOWS\system32;C:\WINDOWS;C:\WINDOWS\System32\Wbem;C:\WINDOWS\System32\WindowsPowerShell\v1.0\;C:\WIN;C:\Program Files\NVIDIA GPU Computing Toolkit\CUDA\v11.8\bin;C:\Program Files\NVIDIA GPU Computing Toolkit\CUDA\v11.8\extras\CUPTI\lib64;C:\Program Files\NVIDIA GPU Computing Toolkit\CUDA\v11.8\include;C:\tools\cudnn-windows-x86_64-8.9.4.25_cuda11-archive\bin;C:\Program Files\JetBrains\IntelliJ IDEA 2023.3.3\bin;;C:\Program Files\JetBrains\WebStorm 2024.3\bin;;C:\Program Files\JetBrains\PyCharm 2024.3\bin;;C:\Program Files\PostgreSQL\17\bin;C:\Users\Saâd\AppData\Local\Microsoft\WindowsApps;C:\Users\Saâd\AppData\Local\Programs\Windsurf\bin;C:\Users\Saâd\AppData\Local\Programs\Microsoft VS Code\bin;C:\Users\Saâd\AppData\Roaming\npm" LSAN_OPTIONS=detect_leaks=0 "gcc -IC:/Ruby40-x64/include/ruby-4.0.0/x64-mingw-ucrt -IC:/Ruby40-x64/include/ruby-4.0.0/ruby/backward -IC:/Ruby40-x64/include/ruby-4.0.0 -I. -D_WIN32_WINNT=0x0600 -D__MINGW_USE_VC2005_COMPAT -D_FILE_OFFSET_BITS=64  -O3 -fstack-protector-strong  -I/Applications/Xcode.app/Contents/Developer/Platforms/MacOSX.platform/Developer/SDKs/MacOSX.sdk/usr/include/ffi -c conftest.c"
conftest.c:5:10: fatal error: ffi.h: No such file or directory
    5 | #include <ffi.h>
      |          ^~~~~~~
compilation terminated.
checked program was:
/* begin */
1: #include "ruby.h"
2: 
3: #include <winsock2.h>
4: #include <windows.h>
5: #include <ffi.h>
/* end */

--------------------

append_ldflags: checking for whether -Wl,--exclude-libs,ALL is accepted as LDFLAGS... -------------------- yes

PATH=".;C:/Ruby40-x64/lib;C:\Ruby40-x64\bin;C:\Ruby40-x64\msys64\ucrt64\bin;C:\Ruby40-x64\msys64\usr\bin;c:\Users\Saâd\AppData\Roaming\Code\User\globalStorage\github.copilot-chat\debugCommand;c:\Users\Saâd\AppData\Roaming\Code\User\globalStorage\github.copilot-chat\copilotCli;C:\Ruby40-x64\bin;C:\Ruby34-x64\bin;C:\Program Files (x86)\NetCDF4Excel;C:\WINDOWS\system32;C:\WINDOWS;C:\WINDOWS\System32\Wbem;C:\WINDOWS\System32\WindowsPowerShell\v1.0\;C:\WINDOWS\System32\OpenSSH\;C:\Program Files\Tailscale\;C:\Program Files\NVIDIA Corporation\NVIDIA App\NvDLISR;C:\Program Files\nodejs\;C:\Users\Saâd\anaconda3;C:\Users\Saâd\anaconda3\Library\mingw-w64\bin;C:\Users\Saâd\anaconda3\Library\usr\bin;C:\Users\Saâd\anaconda3\Library\bin;C:\Users\Saâd\anaconda3\Scripts;C:\bin\;C:\Program Files (x86)\Common Files\Oracle\Java\javapath;C:\Program Files\Microsoft MPI\Bin\;C:\Windows\system32;C:\Windows;C:\Windows\System32\Wbem;C:\Windows\System32\WindowsPowerShell\v1.0\;C:\Windows\System32\OpenSSH\;C:\Program Files\Git\cmd;C:\Program Files\NVIDIA Corporation\NVIDIA NvDLISR;C:\Users\Saâd\.jdks\openjdk-16\bin;C:\Program Files\apache-maven-3.8.2-bin\apache-maven-3.8.2\bin;C:\Program Files\Azure Data Studio\bin;C:\Program Files (x86)\NVIDIA Corporation\PhysX\Common;C:\Program Files (x86)\Microsoft SQL Server\150\Tools\Binn\;C:\Program Files\Microsoft SQL Server\150\Tools\Binn\;C:\Program Files (x86)\Microsoft SQL Server\150\DTS\Binn\;C:\Program Files\Microsoft SQL Server\150\DTS\Binn\;C:\Program Files\Microsoft SQL Server\Client SDK\ODBC\170\Tools\Binn\;C:\WINDOWS\system32;C:\WINDOWS;C:\WINDOWS\System32\Wbem;C:\WINDOWS\System32\WindowsPowerShell\v1.0\;C:\WIN;C:\Program Files\NVIDIA GPU Computing Toolkit\CUDA\v11.8\bin;C:\Program Files\NVIDIA GPU Computing Toolkit\CUDA\v11.8\extras\CUPTI\lib64;C:\Program Files\NVIDIA GPU Computing Toolkit\CUDA\v11.8\include;C:\tools\cudnn-windows-x86_64-8.9.4.25_cuda11-archive\bin;C:\Program Files\JetBrains\IntelliJ IDEA 2023.3.3\bin;;C:\Program Files\JetBrains\WebStorm 2024.3\bin;;C:\Program Files\JetBrains\PyCharm 2024.3\bin;;C:\Program Files\PostgreSQL\17\bin;C:\Users\Saâd\AppData\Local\Microsoft\WindowsApps;C:\Users\Saâd\AppData\Local\Programs\Windsurf\bin;C:\Users\Saâd\AppData\Local\Programs\Microsoft VS Code\bin;C:\Users\Saâd\AppData\Roaming\npm" LSAN_OPTIONS=detect_leaks=0 "gcc -o conftest.exe -IC:/Ruby40-x64/include/ruby-4.0.0/x64-mingw-ucrt -IC:/Ruby40-x64/include/ruby-4.0.0/ruby/backward -IC:/Ruby40-x64/include/ruby-4.0.0 -I. -D_WIN32_WINNT=0x0600 -D__MINGW_USE_VC2005_COMPAT -D_FILE_OFFSET_BITS=64  -O3 -fstack-protector-strong conftest.c -L. -LC:/Ruby40-x64/lib -L. -pipe -s -fstack-protector-strong -lpthread -Wl,--no-as-needed -Wl,--exclude-libs,ALL    -lx64-ucrt-ruby400  -lshell32 -lws2_32 -liphlpapi -limagehlp -lshlwapi -lbcrypt  "
checked program was:
/* begin */
1: #include "ruby.h"
2: 
3: #include <winsock2.h>
4: #include <windows.h>
5: int main(int argc, char **argv)
6: {
7:   return !!argv[argc];
8: }
/* end */

--------------------

have_func: checking for rb_gc_mark_movable()... -------------------- yes

PATH=".;C:/Ruby40-x64/lib;C:\Ruby40-x64\bin;C:\Ruby40-x64\msys64\ucrt64\bin;C:\Ruby40-x64\msys64\usr\bin;c:\Users\Saâd\AppData\Roaming\Code\User\globalStorage\github.copilot-chat\debugCommand;c:\Users\Saâd\AppData\Roaming\Code\User\globalStorage\github.copilot-chat\copilotCli;C:\Ruby40-x64\bin;C:\Ruby34-x64\bin;C:\Program Files (x86)\NetCDF4Excel;C:\WINDOWS\system32;C:\WINDOWS;C:\WINDOWS\System32\Wbem;C:\WINDOWS\System32\WindowsPowerShell\v1.0\;C:\WINDOWS\System32\OpenSSH\;C:\Program Files\Tailscale\;C:\Program Files\NVIDIA Corporation\NVIDIA App\NvDLISR;C:\Program Files\nodejs\;C:\Users\Saâd\anaconda3;C:\Users\Saâd\anaconda3\Library\mingw-w64\bin;C:\Users\Saâd\anaconda3\Library\usr\bin;C:\Users\Saâd\anaconda3\Library\bin;C:\Users\Saâd\anaconda3\Scripts;C:\bin\;C:\Program Files (x86)\Common Files\Oracle\Java\javapath;C:\Program Files\Microsoft MPI\Bin\;C:\Windows\system32;C:\Windows;C:\Windows\System32\Wbem;C:\Windows\System32\WindowsPowerShell\v1.0\;C:\Windows\System32\OpenSSH\;C:\Program Files\Git\cmd;C:\Program Files\NVIDIA Corporation\NVIDIA NvDLISR;C:\Users\Saâd\.jdks\openjdk-16\bin;C:\Program Files\apache-maven-3.8.2-bin\apache-maven-3.8.2\bin;C:\Program Files\Azure Data Studio\bin;C:\Program Files (x86)\NVIDIA Corporation\PhysX\Common;C:\Program Files (x86)\Microsoft SQL Server\150\Tools\Binn\;C:\Program Files\Microsoft SQL Server\150\Tools\Binn\;C:\Program Files (x86)\Microsoft SQL Server\150\DTS\Binn\;C:\Program Files\Microsoft SQL Server\150\DTS\Binn\;C:\Program Files\Microsoft SQL Server\Client SDK\ODBC\170\Tools\Binn\;C:\WINDOWS\system32;C:\WINDOWS;C:\WINDOWS\System32\Wbem;C:\WINDOWS\System32\WindowsPowerShell\v1.0\;C:\WIN;C:\Program Files\NVIDIA GPU Computing Toolkit\CUDA\v11.8\bin;C:\Program Files\NVIDIA GPU Computing Toolkit\CUDA\v11.8\extras\CUPTI\lib64;C:\Program Files\NVIDIA GPU Computing Toolkit\CUDA\v11.8\include;C:\tools\cudnn-windows-x86_64-8.9.4.25_cuda11-archive\bin;C:\Program Files\JetBrains\IntelliJ IDEA 2023.3.3\bin;;C:\Program Files\JetBrains\WebStorm 2024.3\bin;;C:\Program Files\JetBrains\PyCharm 2024.3\bin;;C:\Program Files\PostgreSQL\17\bin;C:\Users\Saâd\AppData\Local\Microsoft\WindowsApps;C:\Users\Saâd\AppData\Local\Programs\Windsurf\bin;C:\Users\Saâd\AppData\Local\Programs\Microsoft VS Code\bin;C:\Users\Saâd\AppData\Roaming\npm" LSAN_OPTIONS=detect_leaks=0 "gcc -o conftest.exe -IC:/Ruby40-x64/include/ruby-4.0.0/x64-mingw-ucrt -IC:/Ruby40-x64/include/ruby-4.0.0/ruby/backward -IC:/Ruby40-x64/include/ruby-4.0.0 -I. -D_WIN32_WINNT=0x0600 -D__MINGW_USE_VC2005_COMPAT -D_FILE_OFFSET_BITS=64  -O3 -fstack-protector-strong conftest.c -L. -LC:/Ruby40-x64/lib -L. -pipe -s -fstack-protector-strong -lpthread -Wl,--no-as-needed -Wl,--exclude-libs,ALL     -lx64-ucrt-ruby400  -lshell32 -lws2_32 -liphlpapi -limagehlp -lshlwapi -lbcrypt  "
checked program was:
/* begin */
 1: #include "ruby.h"
 2: 
 3: #include <winsock2.h>
 4: #include <windows.h>
 5: 
 6: /*top*/
 7: extern int t(void);
 8: int main(int argc, char **argv)
 9: {
10:   if (argc > 1000000) {
11:     int (* volatile tp)(void)=(int (*)(void))&t;
12:     printf("%d", (*tp)());
13:   }
14: 
15:   return !!argv[argc];
16: }
17: int t(void) { void ((*volatile p)()); p = (void ((*)()))rb_gc_mark_movable; return !p; }
/* end */

--------------------

append_ldflags: checking for whether -pthread is accepted as LDFLAGS... -------------------- yes

PATH=".;C:/Ruby40-x64/lib;C:\Ruby40-x64\bin;C:\Ruby40-x64\msys64\ucrt64\bin;C:\Ruby40-x64\msys64\usr\bin;c:\Users\Saâd\AppData\Roaming\Code\User\globalStorage\github.copilot-chat\debugCommand;c:\Users\Saâd\AppData\Roaming\Code\User\globalStorage\github.copilot-chat\copilotCli;C:\Ruby40-x64\bin;C:\Ruby34-x64\bin;C:\Program Files (x86)\NetCDF4Excel;C:\WINDOWS\system32;C:\WINDOWS;C:\WINDOWS\System32\Wbem;C:\WINDOWS\System32\WindowsPowerShell\v1.0\;C:\WINDOWS\System32\OpenSSH\;C:\Program Files\Tailscale\;C:\Program Files\NVIDIA Corporation\NVIDIA App\NvDLISR;C:\Program Files\nodejs\;C:\Users\Saâd\anaconda3;C:\Users\Saâd\anaconda3\Library\mingw-w64\bin;C:\Users\Saâd\anaconda3\Library\usr\bin;C:\Users\Saâd\anaconda3\Library\bin;C:\Users\Saâd\anaconda3\Scripts;C:\bin\;C:\Program Files (x86)\Common Files\Oracle\Java\javapath;C:\Program Files\Microsoft MPI\Bin\;C:\Windows\system32;C:\Windows;C:\Windows\System32\Wbem;C:\Windows\System32\WindowsPowerShell\v1.0\;C:\Windows\System32\OpenSSH\;C:\Program Files\Git\cmd;C:\Program Files\NVIDIA Corporation\NVIDIA NvDLISR;C:\Users\Saâd\.jdks\openjdk-16\bin;C:\Program Files\apache-maven-3.8.2-bin\apache-maven-3.8.2\bin;C:\Program Files\Azure Data Studio\bin;C:\Program Files (x86)\NVIDIA Corporation\PhysX\Common;C:\Program Files (x86)\Microsoft SQL Server\150\Tools\Binn\;C:\Program Files\Microsoft SQL Server\150\Tools\Binn\;C:\Program Files (x86)\Microsoft SQL Server\150\DTS\Binn\;C:\Program Files\Microsoft SQL Server\150\DTS\Binn\;C:\Program Files\Microsoft SQL Server\Client SDK\ODBC\170\Tools\Binn\;C:\WINDOWS\system32;C:\WINDOWS;C:\WINDOWS\System32\Wbem;C:\WINDOWS\System32\WindowsPowerShell\v1.0\;C:\WIN;C:\Program Files\NVIDIA GPU Computing Toolkit\CUDA\v11.8\bin;C:\Program Files\NVIDIA GPU Computing Toolkit\CUDA\v11.8\extras\CUPTI\lib64;C:\Program Files\NVIDIA GPU Computing Toolkit\CUDA\v11.8\include;C:\tools\cudnn-windows-x86_64-8.9.4.25_cuda11-archive\bin;C:\Program Files\JetBrains\IntelliJ IDEA 2023.3.3\bin;;C:\Program Files\JetBrains\WebStorm 2024.3\bin;;C:\Program Files\JetBrains\PyCharm 2024.3\bin;;C:\Program Files\PostgreSQL\17\bin;C:\Users\Saâd\AppData\Local\Microsoft\WindowsApps;C:\Users\Saâd\AppData\Local\Programs\Windsurf\bin;C:\Users\Saâd\AppData\Local\Programs\Microsoft VS Code\bin;C:\Users\Saâd\AppData\Roaming\npm" LSAN_OPTIONS=detect_leaks=0 "gcc -o conftest.exe -IC:/Ruby40-x64/include/ruby-4.0.0/x64-mingw-ucrt -IC:/Ruby40-x64/include/ruby-4.0.0/ruby/backward -IC:/Ruby40-x64/include/ruby-4.0.0 -I. -D_WIN32_WINNT=0x0600 -D__MINGW_USE_VC2005_COMPAT -D_FILE_OFFSET_BITS=64  -O3 -fstack-protector-strong conftest.c -L. -LC:/Ruby40-x64/lib -L. -pipe -s -fstack-protector-strong -lpthread -Wl,--no-as-needed -Wl,--exclude-libs,ALL -pthread    -lx64-ucrt-ruby400  -lshell32 -lws2_32 -liphlpapi -limagehlp -lshlwapi -lbcrypt  "
checked program was:
/* begin */
1: #include "ruby.h"
2: 
3: #include <winsock2.h>
4: #include <windows.h>
5: int main(int argc, char **argv)
6: {
7:   return !!argv[argc];
8: }
/* end */

--------------------

extconf.h is:
/* begin */
1: #ifndef EXTCONF_H
2: #define EXTCONF_H
3: #define HAVE_FFI_PREP_CIF_VAR 1
4: #define USE_INTERNAL_LIBFFI 1
5: #define HAVE_RB_GC_MARK_MOVABLE 1
6: #endif
/* end */

