current directory: C:/Users/Saâd/Desktop/saad-tachrimant.github.io/vendor/bundle/ruby/4.0.0/gems/wdm-0.1.1/ext/wdm
C:/Ruby40-x64/bin/ruby.exe extconf.rb
checking for -lkernel32... yes
checking for windows.h... yes
checking for ruby.h... yes
checking for HAVE_RUBY_ENCODING_H... yes
checking for rb_thread_call_without_gvl()... yes
creating Makefile

current directory: C:/Users/Saâd/Desktop/saad-tachrimant.github.io/vendor/bundle/ruby/4.0.0/gems/wdm-0.1.1/ext/wdm
make -j9 DESTDIR\= sitearchdir\=./.gem.20260117-20116-5m5741 sitelibdir\=./.gem.20260117-20116-5m5741 clean

current directory: C:/Users/Saâd/Desktop/saad-tachrimant.github.io/vendor/bundle/ruby/4.0.0/gems/wdm-0.1.1/ext/wdm
make -j9 DESTDIR\= sitearchdir\=./.gem.20260117-20116-5m5741 sitelibdir\=./.gem.20260117-20116-5m5741
generating wdm_ext-x64-mingw-ucrt.def
compiling entry.c
compiling memory.c
compiling monitor.c
compiling queue.c
compiling rb_change.c
compiling rb_monitor.c
compiling utils.c
compiling wdm.c
rb_change.c: In function 'extract_absolute_path_from_notification':
rb_change.c:139:5: warning: 'RB_OBJ_TAINT' is deprecated: taintedness turned out to be a wrong idea. [-Wdeprecated-declarations]
  139 |     OBJ_TAINT(path);
      |     ^~~~~~~~~
In file included from C:/Ruby40-x64/include/ruby-4.0.0/ruby/internal/core/rstring.h:30,
                 from C:/Ruby40-x64/include/ruby-4.0.0/ruby/internal/arithmetic/char.h:29,
                 from C:/Ruby40-x64/include/ruby-4.0.0/ruby/internal/arithmetic.h:24,
                 from C:/Ruby40-x64/include/ruby-4.0.0/ruby/ruby.h:28,
                 from C:/Ruby40-x64/include/ruby-4.0.0/ruby.h:38,
                 from wdm.h:22,
                 from rb_change.c:4:
C:/Ruby40-x64/include/ruby-4.0.0/ruby/internal/fl_type.h:818:1: note: declared here
  818 | RB_OBJ_TAINT(VALUE obj)
      | ^~~~~~~~~~~~
rb_monitor.c: In function 'rb_monitor_alloc':
rb_monitor.c:109:5: warning: 'rb_data_object_wrap_warning' is deprecated: by TypedData [-Wdeprecated-declarations]
  109 |     return Data_Wrap_Struct(self, monitor_mark, monitor_free, wdm_monitor_new());
      |     ^~~~~~
In file included from C:/Ruby40-x64/include/ruby-4.0.0/ruby/internal/core.h:27,
                 from C:/Ruby40-x64/include/ruby-4.0.0/ruby/ruby.h:29,
                 from C:/Ruby40-x64/include/ruby-4.0.0/ruby.h:38,
                 from wdm.h:22,
                 from rb_monitor.c:1:
C:/Ruby40-x64/include/ruby-4.0.0/ruby/internal/core/rdata.h:296:1: note: declared here
  296 | rb_data_object_wrap_warning(VALUE klass, void *ptr, RUBY_DATA_FUNC mark, RUBY_DATA_FUNC free)
      | ^~~~~~~~~~~~~~~~~~~~~~~~~~~
rb_monitor.c: In function 'combined_watch':
rb_monitor.c:159:5: warning: 'rb_data_object_get_warning' is deprecated: by TypedData [-Wdeprecated-declarations]
  159 |     Data_Get_Struct(self, WDM_Monitor, monitor);
      |     ^~~~~~~~~~~~~~~
C:/Ruby40-x64/include/ruby-4.0.0/ruby/internal/core/rdata.h:328:1: note: declared here
  328 | rb_data_object_get_warning(VALUE obj)
      | ^~~~~~~~~~~~~~~~~~~~~~~~~~
rb_monitor.c: In function 'rb_monitor_run_bang':
rb_monitor.c:470:5: warning: 'rb_data_object_get_warning' is deprecated: by TypedData [-Wdeprecated-declarations]
  470 |     Data_Get_Struct(self, WDM_Monitor, monitor);
      |     ^~~~~~~~~~~~~~~
C:/Ruby40-x64/include/ruby-4.0.0/ruby/internal/core/rdata.h:328:1: note: declared here
  328 | rb_data_object_get_warning(VALUE obj)
      | ^~~~~~~~~~~~~~~~~~~~~~~~~~
rb_monitor.c:509:29: error: implicit declaration of function 'rb_thread_call_without_gvl' [-Wimplicit-function-declaration]
  509 |         waiting_succeeded = rb_thread_call_without_gvl(wait_for_changes, monitor->process_event, stop_monitoring, monitor);
      |                             ^~~~~~~~~~~~~~~~~~~~~~~~~~
rb_monitor.c: In function 'rb_monitor_stop':
rb_monitor.c:538:5: warning: 'rb_data_object_get_warning' is deprecated: by TypedData [-Wdeprecated-declarations]
  538 |     Data_Get_Struct(self, WDM_Monitor, monitor);
      |     ^~~~~~~~~~~~~~~
C:/Ruby40-x64/include/ruby-4.0.0/ruby/internal/core/rdata.h:328:1: note: declared here
  328 | rb_data_object_get_warning(VALUE obj)
      | ^~~~~~~~~~~~~~~~~~~~~~~~~~
make: *** [Makefile:250: rb_monitor.o] Error 1
make: *** Waiting for unfinished jobs....

make failed, exit code 2
